<?xml version="1.0" encoding="UTF-8"?>
<!-- Generated by org.testng.reporters.JUnitReportReporter -->
<testsuite hostname="DESKTOP-QNHJ5Q7" failures="0" tests="4" name="ddtNopCom.NOPCommLoginTest" time="39.523" errors="0" timestamp="2022-12-12T02:46:18 PST" skipped="0">
  <testcase classname="ddtNopCom.NOPCommLoginTest" name="verifyLoginWithInValidUser" time="9.900"/>
  <system-out/>
  <testcase classname="ddtNopCom.NOPCommLoginTest" name="verifyLoginWithInValidUser" time="10.081"/>
  <system-out/>
  <testcase classname="ddtNopCom.NOPCommLoginTest" name="verifyLoginWithInValidUser" time="9.813"/>
  <system-out/>
  <testcase classname="ddtNopCom.NOPCommLoginTest" name="verifyLoginWithInValidUser" time="9.729"/>
  <system-out/>
</testsuite> <!-- ddtNopCom.NOPCommLoginTest -->
